
**** Build of configuration Debug for project P1_v2 ****

"C:\\ti\\ccs1110\\ccs\\utils\\bin\\gmake" -k all 
 
Building file: "../drivers/Servos.c"
Invoking: Arm Compiler
"C:/ti/ccs1110/ccs/tools/compiler/ti-cgt-arm_20.2.5.LTS/bin/armcl" -mv7M4 --code_state=16 --float_support=FPv4SPD16 -me -Ooff --include_path="C:/ti/ccs1110/ccs/tools/compiler/ti-cgt-arm_20.2.5.LTS/include" --include_path="C:/Users/usuario/Desktop/NUEVO_PRACTICA/P1_v2/P1_v2" --include_path="C:/Users/usuario/Desktop/NUEVO_PRACTICA/P1_v2/P1_v2/FreeRTOS/Source/include" --include_path="C:/Users/usuario/Desktop/NUEVO_PRACTICA/P1_v2/P1_v2/FreeRTOS/Source/portable/CCS/ARM_CM4F" --include_path="C:/Users/usuario/Desktop/NUEVO_PRACTICA/P1_v2/P1_v2/remotelink" --define=ccs="ccs" --define=TARGET_IS_BLIZZARD_RB1 --define=UART_BUFFERED --define=WANT_CMDLINE_HISTORY --define=WANT_FREERTOS_SUPPORT --define=PART_TM4C123GH6PM --define=DEBUG -g --c89 --gcc --diag_warning=225 --diag_wrap=off --display_error_number --abi=eabi --preproc_with_compile --preproc_dependency="drivers/Servos.d_raw" --obj_directory="drivers"  "../drivers/Servos.c"
"../drivers/Servos.c", line 126: warning #225-D: function "UARTprintf" declared implicitly
"../drivers/Servos.c", line 144: warning #225-D: function "UARTprintf" declared implicitly
"../drivers/Servos.c", line 186: warning #225-D: function "UARTprintf" declared implicitly
"../drivers/Servos.c", line 210: warning #225-D: function "UARTprintf" declared implicitly
"../drivers/Servos.c", line 220: warning #225-D: function "UARTprintf" declared implicitly
"../drivers/Servos.c", line 256: warning #225-D: function "UARTprintf" declared implicitly
"../drivers/Servos.c", line 260: warning #225-D: function "UARTprintf" declared implicitly
"../drivers/Servos.c", line 269: warning #225-D: function "UARTprintf" declared implicitly
"../drivers/Servos.c", line 273: warning #225-D: function "UARTprintf" declared implicitly
"../drivers/Servos.c", line 282: warning #225-D: function "UARTprintf" declared implicitly
"../drivers/Servos.c", line 286: warning #225-D: function "UARTprintf" declared implicitly
"../drivers/Servos.c", line 295: warning #225-D: function "UARTprintf" declared implicitly
"../drivers/Servos.c", line 299: warning #225-D: function "UARTprintf" declared implicitly
"../drivers/Servos.c", line 321: warning #225-D: function "UARTprintf" declared implicitly
"../drivers/Servos.c", line 327: warning #225-D: function "UARTprintf" declared implicitly
"../drivers/Servos.c", line 334: warning #225-D: function "UARTprintf" declared implicitly
"../drivers/Servos.c", line 344: warning #225-D: function "UARTprintf" declared implicitly
"../drivers/Servos.c", line 352: warning #225-D: function "UARTprintf" declared implicitly
"../drivers/Servos.c", line 358: warning #225-D: function "UARTprintf" declared implicitly
"../drivers/Servos.c", line 369: warning #225-D: function "UARTprintf" declared implicitly
Finished building: "../drivers/Servos.c"
 
Building target: "P1_v2.out"
Invoking: Arm Linker
"C:/ti/ccs1110/ccs/tools/compiler/ti-cgt-arm_20.2.5.LTS/bin/armcl" -mv7M4 --code_state=16 --float_support=FPv4SPD16 -me -Ooff --define=ccs="ccs" --define=TARGET_IS_BLIZZARD_RB1 --define=UART_BUFFERED --define=WANT_CMDLINE_HISTORY --define=WANT_FREERTOS_SUPPORT --define=PART_TM4C123GH6PM --define=DEBUG -g --c89 --gcc --diag_warning=225 --diag_wrap=off --display_error_number --abi=eabi -z -m"P1_v2.map" --heap_size=0 --stack_size=512 -i"C:/ti/ccs1110/ccs/tools/compiler/ti-cgt-arm_20.2.5.LTS/lib" -i"C:/ti/ccs1110/ccs/tools/compiler/ti-cgt-arm_20.2.5.LTS/include" --reread_libs --diag_wrap=off --display_error_number --warn_sections --xml_link_info="P1_v2_linkInfo.xml" --rom_model -o "P1_v2.out" "./commands.obj" "./main.obj" "./startup_ccs.obj" "./FreeRTOS/Source/croutine.obj" "./FreeRTOS/Source/event_groups.obj" "./FreeRTOS/Source/list.obj" "./FreeRTOS/Source/queue.obj" "./FreeRTOS/Source/stream_buffer.obj" "./FreeRTOS/Source/tasks.obj" "./FreeRTOS/Source/timers.obj" "./FreeRTOS/Source/portable/CCS/ARM_CM4F/port.obj" "./FreeRTOS/Source/portable/CCS/ARM_CM4F/portasm.obj" "./FreeRTOS/Source/portable/MemMang/heap_4.obj" "./driverlib/adc.obj" "./driverlib/aes.obj" "./driverlib/can.obj" "./driverlib/comp.obj" "./driverlib/cpu.obj" "./driverlib/crc.obj" "./driverlib/des.obj" "./driverlib/eeprom.obj" "./driverlib/emac.obj" "./driverlib/epi.obj" "./driverlib/epi_workaround_ccs.obj" "./driverlib/flash.obj" "./driverlib/fpu.obj" "./driverlib/gpio.obj" "./driverlib/hibernate.obj" "./driverlib/i2c.obj" "./driverlib/interrupt.obj" "./driverlib/lcd.obj" "./driverlib/mpu.obj" "./driverlib/onewire.obj" "./driverlib/pwm.obj" "./driverlib/qei.obj" "./driverlib/shamd5.obj" "./driverlib/ssi.obj" "./driverlib/sw_crc.obj" "./driverlib/sysctl.obj" "./driverlib/sysexc.obj" "./driverlib/systick.obj" "./driverlib/timer.obj" "./driverlib/uart.obj" "./driverlib/udma.obj" "./driverlib/usb.obj" "./driverlib/watchdog.obj" "./drivers/Servos.obj" "./drivers/buttons.obj" "./drivers/rgb.obj" "./remotelink/crc.obj" "./remotelink/remotelink.obj" "./remotelink/serialprotocol.obj" "./remotelink/usb_dev_serial.obj" "./remotelink/usb_serial_structs.obj" "./usblib/device/usbdaudio.obj" "./usblib/device/usbdbulk.obj" "./usblib/device/usbdcdc.obj" "./usblib/device/usbdcdesc.obj" "./usblib/device/usbdcomp.obj" "./usblib/device/usbdconfig.obj" "./usblib/device/usbddfu-rt.obj" "./usblib/device/usbdenum.obj" "./usblib/device/usbdhandler.obj" "./usblib/device/usbdhid.obj" "./usblib/device/usbdhidgamepad.obj" "./usblib/device/usbdhidkeyb.obj" "./usblib/device/usbdhidmouse.obj" "./usblib/device/usbdmsc.obj" "./usblib/host/usbhaudio.obj" "./usblib/host/usbhhid.obj" "./usblib/host/usbhhidkeyboard.obj" "./usblib/host/usbhhidmouse.obj" "./usblib/host/usbhhub.obj" "./usblib/host/usbhmsc.obj" "./usblib/host/usbhostenum.obj" "./usblib/host/usbhscsi.obj" "./usblib/usbbuffer.obj" "./usblib/usbdesc.obj" "./usblib/usbdma.obj" "./usblib/usbkeyboardmap.obj" "./usblib/usbmode.obj" "./usblib/usbringbuf.obj" "./usblib/usbtick.obj" "./usblib/usbulpi.obj" "./utils/RunTimeStatsConfig.obj" "./utils/cmdline.obj" "./utils/cpu_usage.obj" "./utils/uartstdio.obj" "../tm4c123gh6pm.cmd"  -llibc.a 
<Linking>
Finished building target: "P1_v2.out"
 

**** Build Finished ****
